<?xml version="1.0" encoding="UTF-8"?>
<testsuite xmlns:xsi="http://www.w3.org/2001/XMLSchema-instance" xsi:noNamespaceSchemaLocation="https://maven.apache.org/surefire/maven-surefire-plugin/xsd/surefire-test-report-3.0.xsd" version="3.0" name="org.radickins.ssa.SecuredServiceTest" time="0.035" tests="1" errors="1" skipped="0" failures="0">
  <properties>
[...]
</properties>
  <testcase name="testPostFilter" classname="org.radickins.ssa.SecuredServiceTest" time="0.032">
    <error message="Collection already filtered." type="java.lang.RuntimeException"><![CDATA[java.lang.RuntimeException: Collection already filtered.
	at org.radickins.ssa.security.CustomExpressionHandler.checkCollection(CustomExpressionHandler.java:46)
	at org.radickins.ssa.security.CustomExpressionHandler.filter(CustomExpressionHandler.java:33)
	at org.springframework.security.authorization.method.PostFilterAuthorizationMethodInterceptor.invoke(PostFilterAuthorizationMethodInterceptor.java:128)
	at org.springframework.aop.framework.ReflectiveMethodInvocation.proceed(ReflectiveMethodInvocation.java:186)
	at org.springframework.aop.framework.JdkDynamicAopProxy.invoke(JdkDynamicAopProxy.java:241)
	at jdk.proxy2/jdk.proxy2.$Proxy42.filterSecuredVOs(Unknown Source)
	at org.radickins.ssa.SecuredServiceTest.testPostFilter(SecuredServiceTest.java:32)
	at java.base/java.lang.reflect.Method.invoke(Method.java:580)
	at java.base/java.util.ArrayList.forEach(ArrayList.java:1596)
	at java.base/java.util.ArrayList.forEach(ArrayList.java:1596)
]]></error>
    <system-out><![CDATA[2024-08-16 15:33:18,601 [main] DEBUG o.radickins.ssa.SecuredServiceTest - input: [SecuredVO[id=1,shouldFilter=true,filtered=false], SecuredVO[id=2,shouldFilter=false,filtered=false]] 
2024-08-16 15:33:18,613 [main] DEBUG o.r.s.s.CustomExpressionHandler - Filtering target: [SecuredVO[id=1,shouldFilter=true,filtered=false], SecuredVO[id=2,shouldFilter=false,filtered=false]] 
2024-08-16 15:33:18,614 [main] DEBUG o.r.s.s.CustomExpressionHandler - Filtering with expression: hasPermission(filterObject, 'SecuredVO:read') 
2024-08-16 15:33:18,614 [main] DEBUG o.r.s.s.CustomExpressionHandler - Filtering collection with 2 elements 
2024-08-16 15:33:18,623 [main] DEBUG o.r.s.s.CustomPermissionEvaluator - Evaluating permission: SecuredVO:read on target: SecuredVO[id=1,shouldFilter=true,filtered=true] for authentication: UsernamePasswordAuthenticationToken [Principal=org.springframework.security.core.userdetails.User [Username=test, Password=[PROTECTED], Enabled=true, AccountNonExpired=true, credentialsNonExpired=true, AccountNonLocked=true, Granted Authorities=[ROLE_USER]], Credentials=[PROTECTED], Authenticated=true, Details=null, Granted Authorities=[ROLE_USER]] 
2024-08-16 15:33:18,623 [main] DEBUG o.r.s.s.CustomPermissionEvaluator - Evaluating permission: SecuredVO:read on target: SecuredVO[id=2,shouldFilter=false,filtered=false] for authentication: UsernamePasswordAuthenticationToken [Principal=org.springframework.security.core.userdetails.User [Username=test, Password=[PROTECTED], Enabled=true, AccountNonExpired=true, credentialsNonExpired=true, AccountNonLocked=true, Granted Authorities=[ROLE_USER]], Credentials=[PROTECTED], Authenticated=true, Details=null, Granted Authorities=[ROLE_USER]] 
2024-08-16 15:33:18,624 [main] DEBUG o.r.s.s.CustomExpressionHandler - Retaining elements: [SecuredVO[id=1,shouldFilter=true,filtered=true], SecuredVO[id=2,shouldFilter=false,filtered=false]] 
2024-08-16 15:33:18,624 [main] DEBUG o.r.s.s.CustomExpressionHandler - Filtering target: [SecuredVO[id=1,shouldFilter=true,filtered=true], SecuredVO[id=2,shouldFilter=false,filtered=false]] 
]]></system-out>
  </testcase>
</testsuite>