<?xml version="1.0" encoding="UTF-8"?>
<testsuite xmlns:xsi="http://www.w3.org/2001/XMLSchema-instance" xsi:noNamespaceSchemaLocation="https://maven.apache.org/surefire/maven-surefire-plugin/xsd/surefire-test-report-3.0.xsd" version="3.0" name="org.radickins.ssa.AppContextTest" time="0.402" tests="1" errors="0" skipped="0" failures="0">
  <properties>
[...]
</properties>
  <testcase name="testLoadContext" classname="org.radickins.ssa.AppContextTest" time="0.013">
    <system-out><![CDATA[2024-08-16 15:33:18,537 [main] DEBUG o.r.s.s.CustomExpressionHandler - CustomExpressionHandler constructor. 
2024-08-16 15:33:18,581 [main] DEBUG org.radickins.ssa.AppContextTest - ******************** 
2024-08-16 15:33:18,581 [main] DEBUG org.radickins.ssa.AppContextTest - BEAN = org.springframework.context.annotation.internalConfigurationAnnotationProcessor 
2024-08-16 15:33:18,582 [main] DEBUG org.radickins.ssa.AppContextTest - 	Type = class org.springframework.context.annotation.ConfigurationClassPostProcessor 
2024-08-16 15:33:18,582 [main] DEBUG org.radickins.ssa.AppContextTest - BEAN = org.springframework.context.annotation.internalAutowiredAnnotationProcessor 
2024-08-16 15:33:18,582 [main] DEBUG org.radickins.ssa.AppContextTest - 	Type = class org.springframework.beans.factory.annotation.AutowiredAnnotationBeanPostProcessor 
2024-08-16 15:33:18,582 [main] DEBUG org.radickins.ssa.AppContextTest - BEAN = org.springframework.context.annotation.internalCommonAnnotationProcessor 
2024-08-16 15:33:18,582 [main] DEBUG org.radickins.ssa.AppContextTest - 	Type = class org.springframework.context.annotation.CommonAnnotationBeanPostProcessor 
2024-08-16 15:33:18,582 [main] DEBUG org.radickins.ssa.AppContextTest - BEAN = org.springframework.context.event.internalEventListenerProcessor 
2024-08-16 15:33:18,582 [main] DEBUG org.radickins.ssa.AppContextTest - 	Type = class org.springframework.context.event.EventListenerMethodProcessor 
2024-08-16 15:33:18,582 [main] DEBUG org.radickins.ssa.AppContextTest - BEAN = org.springframework.context.event.internalEventListenerFactory 
2024-08-16 15:33:18,582 [main] DEBUG org.radickins.ssa.AppContextTest - 	Type = class org.springframework.context.event.DefaultEventListenerFactory 
2024-08-16 15:33:18,582 [main] DEBUG org.radickins.ssa.AppContextTest - BEAN = springConfiguration 
2024-08-16 15:33:18,582 [main] DEBUG org.radickins.ssa.AppContextTest - 	Type = class org.radickins.ssa.SpringConfiguration$$EnhancerBySpringCGLIB$$c3316e5e 
2024-08-16 15:33:18,582 [main] DEBUG org.radickins.ssa.AppContextTest - BEAN = securityConfiguration 
2024-08-16 15:33:18,582 [main] DEBUG org.radickins.ssa.AppContextTest - 	Type = class org.radickins.ssa.SecurityConfiguration$$EnhancerBySpringCGLIB$$74d9296b 
2024-08-16 15:33:18,582 [main] DEBUG org.radickins.ssa.AppContextTest - BEAN = expressionHandler 
2024-08-16 15:33:18,582 [main] DEBUG org.radickins.ssa.AppContextTest - 	Type = class org.radickins.ssa.security.CustomExpressionHandler 
2024-08-16 15:33:18,582 [main] DEBUG org.radickins.ssa.AppContextTest - BEAN = securityPermissionEvaluator 
2024-08-16 15:33:18,582 [main] DEBUG org.radickins.ssa.AppContextTest - 	Type = class org.radickins.ssa.security.CustomPermissionEvaluator 
2024-08-16 15:33:18,582 [main] DEBUG org.radickins.ssa.AppContextTest - BEAN = securedService 
2024-08-16 15:33:18,583 [main] DEBUG org.radickins.ssa.AppContextTest - 	Type = class jdk.proxy2.$Proxy42 
2024-08-16 15:33:18,583 [main] DEBUG org.radickins.ssa.AppContextTest - BEAN = org.springframework.security.config.annotation.method.configuration.PrePostMethodSecurityConfiguration 
2024-08-16 15:33:18,583 [main] DEBUG org.radickins.ssa.AppContextTest - 	Type = class org.springframework.security.config.annotation.method.configuration.PrePostMethodSecurityConfiguration 
2024-08-16 15:33:18,583 [main] DEBUG org.radickins.ssa.AppContextTest - BEAN = preFilterAuthorizationMethodInterceptor 
2024-08-16 15:33:18,583 [main] DEBUG org.radickins.ssa.AppContextTest - 	Type = class org.springframework.security.authorization.method.PreFilterAuthorizationMethodInterceptor 
2024-08-16 15:33:18,583 [main] DEBUG org.radickins.ssa.AppContextTest - BEAN = preAuthorizeAuthorizationMethodInterceptor 
2024-08-16 15:33:18,583 [main] DEBUG org.radickins.ssa.AppContextTest - 	Type = class org.springframework.security.authorization.method.AuthorizationManagerBeforeMethodInterceptor 
2024-08-16 15:33:18,583 [main] DEBUG org.radickins.ssa.AppContextTest - BEAN = postAuthorizeAuthorizationMethodInterceptor 
2024-08-16 15:33:18,583 [main] DEBUG org.radickins.ssa.AppContextTest - 	Type = class org.springframework.security.authorization.method.AuthorizationManagerAfterMethodInterceptor 
2024-08-16 15:33:18,583 [main] DEBUG org.radickins.ssa.AppContextTest - BEAN = postFilterAuthorizationMethodInterceptor 
2024-08-16 15:33:18,583 [main] DEBUG org.radickins.ssa.AppContextTest - 	Type = class org.springframework.security.authorization.method.PostFilterAuthorizationMethodInterceptor 
2024-08-16 15:33:18,583 [main] DEBUG org.radickins.ssa.AppContextTest - BEAN = org.springframework.aop.config.internalAutoProxyCreator 
2024-08-16 15:33:18,583 [main] DEBUG org.radickins.ssa.AppContextTest - 	Type = class org.springframework.aop.aspectj.annotation.AnnotationAwareAspectJAutoProxyCreator 
2024-08-16 15:33:18,583 [main] DEBUG org.radickins.ssa.AppContextTest - BEAN = preFilterAuthorizationAdvisor 
2024-08-16 15:33:18,583 [main] DEBUG org.radickins.ssa.AppContextTest - 	Type = class org.springframework.security.authorization.method.PreFilterAuthorizationMethodInterceptor 
2024-08-16 15:33:18,583 [main] DEBUG org.radickins.ssa.AppContextTest - BEAN = preAuthorizeAuthorizationAdvisor 
2024-08-16 15:33:18,583 [main] DEBUG org.radickins.ssa.AppContextTest - 	Type = class org.springframework.security.authorization.method.AuthorizationManagerBeforeMethodInterceptor 
2024-08-16 15:33:18,584 [main] DEBUG org.radickins.ssa.AppContextTest - BEAN = postFilterAuthorizationAdvisor 
2024-08-16 15:33:18,584 [main] DEBUG org.radickins.ssa.AppContextTest - 	Type = class org.springframework.security.authorization.method.PostFilterAuthorizationMethodInterceptor 
2024-08-16 15:33:18,584 [main] DEBUG org.radickins.ssa.AppContextTest - BEAN = postAuthorizeAuthorizationAdvisor 
2024-08-16 15:33:18,584 [main] DEBUG org.radickins.ssa.AppContextTest - 	Type = class org.springframework.security.authorization.method.AuthorizationManagerAfterMethodInterceptor 
2024-08-16 15:33:18,584 [main] DEBUG org.radickins.ssa.AppContextTest - BEAN = org.springframework.context.annotation.aspectj.SpringConfiguredConfiguration 
2024-08-16 15:33:18,584 [main] DEBUG org.radickins.ssa.AppContextTest - 	Type = class org.springframework.context.annotation.aspectj.SpringConfiguredConfiguration$$EnhancerBySpringCGLIB$$7cd4045e 
2024-08-16 15:33:18,584 [main] DEBUG org.radickins.ssa.AppContextTest - BEAN = org.springframework.context.config.internalBeanConfigurerAspect 
2024-08-16 15:33:18,584 [main] DEBUG org.radickins.ssa.AppContextTest - 	Type = class org.springframework.beans.factory.aspectj.AnnotationBeanConfigurerAspect 
2024-08-16 15:33:18,584 [main] DEBUG org.radickins.ssa.AppContextTest - BEAN = org.springframework.scheduling.annotation.ProxyAsyncConfiguration 
2024-08-16 15:33:18,584 [main] DEBUG org.radickins.ssa.AppContextTest - 	Type = class org.springframework.scheduling.annotation.ProxyAsyncConfiguration 
2024-08-16 15:33:18,584 [main] DEBUG org.radickins.ssa.AppContextTest - BEAN = org.springframework.context.annotation.internalAsyncAnnotationProcessor 
2024-08-16 15:33:18,584 [main] DEBUG org.radickins.ssa.AppContextTest - 	Type = class org.springframework.scheduling.annotation.AsyncAnnotationBeanPostProcessor 
2024-08-16 15:33:18,584 [main] DEBUG org.radickins.ssa.AppContextTest - *** Number of Beans = 24 *** 
2024-08-16 15:33:18,585 [main] DEBUG org.radickins.ssa.AppContextTest - Spring context loaded and tests running. 
]]></system-out>
  </testcase>
</testsuite>